  [1m[35m (1.8ms)[0m  [1m[34mSELECT sqlite_version(*)[0m
  [1m[35m (2.6ms)[0m  [1m[35mCREATE TABLE "schema_migrations" ("version" varchar NOT NULL PRIMARY KEY)[0m
  [1m[35m (1.0ms)[0m  [1m[35mCREATE TABLE "ar_internal_metadata" ("key" varchar NOT NULL PRIMARY KEY, "value" varchar, "created_at" datetime(6) NOT NULL, "updated_at" datetime(6) NOT NULL)[0m
  [1m[35m (0.1ms)[0m  [1m[34mSELECT "schema_migrations"."version" FROM "schema_migrations" ORDER BY "schema_migrations"."version" ASC[0m
Migrating to CreateUsers (20191021120611)
  [1m[35m (0.0ms)[0m  [1m[36mbegin transaction[0m
  [1m[35m (0.3ms)[0m  [1m[35mCREATE TABLE "users" ("id" integer PRIMARY KEY AUTOINCREMENT NOT NULL, "name" text, "username" text, "email" text, "created_at" datetime(6) NOT NULL, "updated_at" datetime(6) NOT NULL)[0m
  [1m[36mprimary::SchemaMigration Create (0.1ms)[0m  [1m[32mINSERT INTO "schema_migrations" ("version") VALUES (?)[0m  [["version", "20191021120611"]]
  [1m[35m (0.6ms)[0m  [1m[36mcommit transaction[0m
  [1m[36mActiveRecord::InternalMetadata Load (0.1ms)[0m  [1m[34mSELECT "ar_internal_metadata".* FROM "ar_internal_metadata" WHERE "ar_internal_metadata"."key" = ? LIMIT ?[0m  [["key", "environment"], ["LIMIT", 1]]
  [1m[35m (0.0ms)[0m  [1m[36mbegin transaction[0m
  [1m[36mActiveRecord::InternalMetadata Create (0.2ms)[0m  [1m[32mINSERT INTO "ar_internal_metadata" ("key", "value", "created_at", "updated_at") VALUES (?, ?, ?, ?)[0m  [["key", "environment"], ["value", "development"], ["created_at", "2019-10-21 12:06:57.292045"], ["updated_at", "2019-10-21 12:06:57.292045"]]
  [1m[35m (0.7ms)[0m  [1m[36mcommit transaction[0m
  [1m[35m (0.0ms)[0m  [1m[34mSELECT sqlite_version(*)[0m
  [1m[35m (0.1ms)[0m  [1m[34mSELECT "schema_migrations"."version" FROM "schema_migrations" ORDER BY "schema_migrations"."version" ASC[0m
  [1m[35m (0.3ms)[0m  [1m[34mSELECT sqlite_version(*)[0m
  [1m[35m (0.1ms)[0m  [1m[34mSELECT "schema_migrations"."version" FROM "schema_migrations" ORDER BY "schema_migrations"."version" ASC[0m
Migrating to CreateScores (20191021130708)
  [1m[35m (0.1ms)[0m  [1m[36mbegin transaction[0m
  [1m[35m (0.5ms)[0m  [1m[35mCREATE TABLE "scores" ("id" integer PRIMARY KEY AUTOINCREMENT NOT NULL, "score" integer, "user_id" integer, "created_at" datetime(6) NOT NULL, "updated_at" datetime(6) NOT NULL)[0m
  [1m[35m (0.2ms)[0m  [1m[35mCREATE  INDEX "index_scores_on_user_id" ON "scores" ("user_id")[0m
  [1m[36mprimary::SchemaMigration Create (0.2ms)[0m  [1m[32mINSERT INTO "schema_migrations" ("version") VALUES (?)[0m  [["version", "20191021130708"]]
  [1m[35m (1.0ms)[0m  [1m[36mcommit transaction[0m
  [1m[36mActiveRecord::InternalMetadata Load (0.1ms)[0m  [1m[34mSELECT "ar_internal_metadata".* FROM "ar_internal_metadata" WHERE "ar_internal_metadata"."key" = ? LIMIT ?[0m  [["key", "environment"], ["LIMIT", 1]]
  [1m[35m (0.0ms)[0m  [1m[34mSELECT sqlite_version(*)[0m
  [1m[35m (0.1ms)[0m  [1m[34mSELECT "schema_migrations"."version" FROM "schema_migrations" ORDER BY "schema_migrations"."version" ASC[0m
  [1m[35m (0.3ms)[0m  [1m[34mSELECT sqlite_version(*)[0m
  [1m[35m (0.1ms)[0m  [1m[34mSELECT "schema_migrations"."version" FROM "schema_migrations" ORDER BY "schema_migrations"."version" ASC[0m
  [1m[35m (0.3ms)[0m  [1m[34mSELECT sqlite_version(*)[0m
  [1m[35m (0.1ms)[0m  [1m[34mSELECT "schema_migrations"."version" FROM "schema_migrations" ORDER BY "schema_migrations"."version" ASC[0m
  [1m[35m (0.0ms)[0m  [1m[34mSELECT sqlite_version(*)[0m
  [1m[35m (0.3ms)[0m  [1m[34mSELECT sqlite_version(*)[0m
  [1m[35m (0.1ms)[0m  [1m[34mSELECT "schema_migrations"."version" FROM "schema_migrations" ORDER BY "schema_migrations"."version" ASC[0m
  [1m[35m (0.0ms)[0m  [1m[34mSELECT sqlite_version(*)[0m
  [1m[35m (0.0ms)[0m  [1m[36mbegin transaction[0m
  [1m[36mUser Create (0.3ms)[0m  [1m[32mINSERT INTO "users" ("name", "username", "email", "created_at", "updated_at") VALUES (?, ?, ?, ?, ?)[0m  [["name", "Chris"], ["username", "cwk"], ["email", "ck@c.com"], ["created_at", "2019-10-21 13:11:16.087690"], ["updated_at", "2019-10-21 13:11:16.087690"]]
  [1m[35m (0.6ms)[0m  [1m[36mcommit transaction[0m
  [1m[35m (0.3ms)[0m  [1m[34mSELECT sqlite_version(*)[0m
  [1m[35m (0.1ms)[0m  [1m[34mSELECT "schema_migrations"."version" FROM "schema_migrations" ORDER BY "schema_migrations"."version" ASC[0m
  [1m[35m (0.0ms)[0m  [1m[34mSELECT sqlite_version(*)[0m
  [1m[35m (0.0ms)[0m  [1m[36mbegin transaction[0m
  [1m[36mUser Create (0.3ms)[0m  [1m[32mINSERT INTO "users" ("name", "username", "email", "created_at", "updated_at") VALUES (?, ?, ?, ?, ?)[0m  [["name", "Chris"], ["username", "cwk"], ["email", "ck@c.com"], ["created_at", "2019-10-21 13:12:01.336272"], ["updated_at", "2019-10-21 13:12:01.336272"]]
  [1m[35m (0.6ms)[0m  [1m[36mcommit transaction[0m
  [1m[35m (0.0ms)[0m  [1m[36mbegin transaction[0m
  [1m[36mUser Create (0.2ms)[0m  [1m[32mINSERT INTO "users" ("name", "username", "email", "created_at", "updated_at") VALUES (?, ?, ?, ?, ?)[0m  [["name", "Haami"], ["username", "h1"], ["email", "h@h.com"], ["created_at", "2019-10-21 13:12:01.339662"], ["updated_at", "2019-10-21 13:12:01.339662"]]
  [1m[35m (0.5ms)[0m  [1m[36mcommit transaction[0m
  [1m[35m (0.3ms)[0m  [1m[34mSELECT sqlite_version(*)[0m
  [1m[35m (0.1ms)[0m  [1m[34mSELECT "schema_migrations"."version" FROM "schema_migrations" ORDER BY "schema_migrations"."version" ASC[0m
  [1m[35m (0.0ms)[0m  [1m[34mSELECT sqlite_version(*)[0m
  [1m[35m (0.0ms)[0m  [1m[36mbegin transaction[0m
  [1m[36mUser Create (0.3ms)[0m  [1m[32mINSERT INTO "users" ("name", "username", "email", "created_at", "updated_at") VALUES (?, ?, ?, ?, ?)[0m  [["name", "Chris"], ["username", "cwk"], ["email", "ck@c.com"], ["created_at", "2019-10-21 13:13:02.880041"], ["updated_at", "2019-10-21 13:13:02.880041"]]
  [1m[35m (0.9ms)[0m  [1m[36mcommit transaction[0m
  [1m[35m (0.0ms)[0m  [1m[36mbegin transaction[0m
  [1m[36mUser Create (0.2ms)[0m  [1m[32mINSERT INTO "users" ("name", "username", "email", "created_at", "updated_at") VALUES (?, ?, ?, ?, ?)[0m  [["name", "Haami"], ["username", "h1"], ["email", "h@h.com"], ["created_at", "2019-10-21 13:13:02.883667"], ["updated_at", "2019-10-21 13:13:02.883667"]]
  [1m[35m (0.7ms)[0m  [1m[36mcommit transaction[0m
  [1m[35m (0.0ms)[0m  [1m[36mbegin transaction[0m
  [1m[36mScore Create (0.2ms)[0m  [1m[32mINSERT INTO "scores" ("score", "user_id", "created_at", "updated_at") VALUES (?, ?, ?, ?)[0m  [["score", 99], ["user_id", 3], ["created_at", "2019-10-21 13:13:02.890889"], ["updated_at", "2019-10-21 13:13:02.890889"]]
  [1m[35m (0.8ms)[0m  [1m[36mcommit transaction[0m
  [1m[35m (0.0ms)[0m  [1m[36mbegin transaction[0m
  [1m[36mScore Create (0.2ms)[0m  [1m[32mINSERT INTO "scores" ("score", "user_id", "created_at", "updated_at") VALUES (?, ?, ?, ?)[0m  [["score", 66], ["user_id", 2], ["created_at", "2019-10-21 13:13:02.894063"], ["updated_at", "2019-10-21 13:13:02.894063"]]
  [1m[35m (0.7ms)[0m  [1m[36mcommit transaction[0m
  [1m[35m (0.4ms)[0m  [1m[34mSELECT sqlite_version(*)[0m
  [1m[36mUser Load (0.2ms)[0m  [1m[34mSELECT "users".* FROM "users" LIMIT ?[0m  [["LIMIT", 11]]
  [1m[35m (0.3ms)[0m  [1m[34mSELECT sqlite_version(*)[0m
  [1m[35m (0.1ms)[0m  [1m[34mSELECT "schema_migrations"."version" FROM "schema_migrations" ORDER BY "schema_migrations"."version" ASC[0m
  [1m[35m (0.1ms)[0m  [1m[34mSELECT "ar_internal_metadata"."value" FROM "ar_internal_metadata" WHERE "ar_internal_metadata"."key" = ?[0m  [["key", "environment"]]
  [1m[35m (0.0ms)[0m  [1m[34mSELECT "schema_migrations"."version" FROM "schema_migrations" ORDER BY "schema_migrations"."version" ASC[0m
  [1m[35m (0.0ms)[0m  [1m[34mSELECT "ar_internal_metadata"."value" FROM "ar_internal_metadata" WHERE "ar_internal_metadata"."key" = ?[0m  [["key", "environment"]]
  [1m[35m (0.0ms)[0m  [1m[34mSELECT "schema_migrations"."version" FROM "schema_migrations" ORDER BY "schema_migrations"."version" ASC[0m
  [1m[35m (0.0ms)[0m  [1m[34mSELECT "ar_internal_metadata"."value" FROM "ar_internal_metadata" WHERE "ar_internal_metadata"."key" = ?[0m  [["key", "environment"]]
  [1m[35m (0.0ms)[0m  [1m[34mSELECT sqlite_version(*)[0m
  [1m[35m (0.0ms)[0m  [1m[34mSELECT sqlite_version(*)[0m
  [1m[35m (0.0ms)[0m  [1m[34mSELECT sqlite_version(*)[0m
  [1m[35m (0.1ms)[0m  [1m[35mDROP TABLE IF EXISTS "scores"[0m
  [1m[35m (0.9ms)[0m  [1m[35mCREATE TABLE "scores" ("id" integer PRIMARY KEY AUTOINCREMENT NOT NULL, "score" integer, "user_id" integer, "created_at" datetime(6) NOT NULL, "updated_at" datetime(6) NOT NULL)[0m
  [1m[35m (0.9ms)[0m  [1m[35mCREATE  INDEX "index_scores_on_user_id" ON "scores" ("user_id")[0m
  [1m[35m (0.1ms)[0m  [1m[35mDROP TABLE IF EXISTS "users"[0m
  [1m[35m (0.9ms)[0m  [1m[35mCREATE TABLE "users" ("id" integer PRIMARY KEY AUTOINCREMENT NOT NULL, "name" text, "username" text, "email" text, "created_at" datetime(6) NOT NULL, "updated_at" datetime(6) NOT NULL)[0m
  [1m[35m (0.9ms)[0m  [1m[35mCREATE TABLE "schema_migrations" ("version" varchar NOT NULL PRIMARY KEY)[0m
  [1m[35m (0.1ms)[0m  [1m[34mSELECT "schema_migrations"."version" FROM "schema_migrations" ORDER BY "schema_migrations"."version" ASC[0m
  [1m[35m (1.3ms)[0m  [1m[32mINSERT INTO "schema_migrations" (version) VALUES (20191021130708)[0m
  [1m[35m (1.2ms)[0m  [1m[32mINSERT INTO "schema_migrations" (version) VALUES
(20191021120611);

[0m
  [1m[35m (1.1ms)[0m  [1m[35mCREATE TABLE "ar_internal_metadata" ("key" varchar NOT NULL PRIMARY KEY, "value" varchar, "created_at" datetime(6) NOT NULL, "updated_at" datetime(6) NOT NULL)[0m
  [1m[36mActiveRecord::InternalMetadata Load (0.2ms)[0m  [1m[34mSELECT "ar_internal_metadata".* FROM "ar_internal_metadata" WHERE "ar_internal_metadata"."key" = ? LIMIT ?[0m  [["key", "environment"], ["LIMIT", 1]]
  [1m[35m (0.1ms)[0m  [1m[36mbegin transaction[0m
  [1m[36mActiveRecord::InternalMetadata Create (0.3ms)[0m  [1m[32mINSERT INTO "ar_internal_metadata" ("key", "value", "created_at", "updated_at") VALUES (?, ?, ?, ?)[0m  [["key", "environment"], ["value", "development"], ["created_at", "2019-10-21 13:13:42.747711"], ["updated_at", "2019-10-21 13:13:42.747711"]]
  [1m[35m (0.7ms)[0m  [1m[36mcommit transaction[0m
  [1m[36mActiveRecord::InternalMetadata Load (0.1ms)[0m  [1m[34mSELECT "ar_internal_metadata".* FROM "ar_internal_metadata" WHERE "ar_internal_metadata"."key" = ? LIMIT ?[0m  [["key", "environment"], ["LIMIT", 1]]
  [1m[36mActiveRecord::InternalMetadata Load (0.1ms)[0m  [1m[34mSELECT "ar_internal_metadata".* FROM "ar_internal_metadata" WHERE "ar_internal_metadata"."key" = ? LIMIT ?[0m  [["key", "schema_sha1"], ["LIMIT", 1]]
  [1m[35m (0.0ms)[0m  [1m[36mbegin transaction[0m
  [1m[36mActiveRecord::InternalMetadata Create (0.3ms)[0m  [1m[32mINSERT INTO "ar_internal_metadata" ("key", "value", "created_at", "updated_at") VALUES (?, ?, ?, ?)[0m  [["key", "schema_sha1"], ["value", "f0c9bf0ffb7aba568b9f5ae658286728d5a43721"], ["created_at", "2019-10-21 13:13:42.754533"], ["updated_at", "2019-10-21 13:13:42.754533"]]
  [1m[35m (0.4ms)[0m  [1m[36mcommit transaction[0m
  [1m[35m (0.0ms)[0m  [1m[34mSELECT sqlite_version(*)[0m
  [1m[35m (0.1ms)[0m  [1m[35mDROP TABLE IF EXISTS "scores"[0m
  [1m[35m (0.9ms)[0m  [1m[35mCREATE TABLE "scores" ("id" integer PRIMARY KEY AUTOINCREMENT NOT NULL, "score" integer, "user_id" integer, "created_at" datetime(6) NOT NULL, "updated_at" datetime(6) NOT NULL)[0m
  [1m[35m (0.9ms)[0m  [1m[35mCREATE  INDEX "index_scores_on_user_id" ON "scores" ("user_id")[0m
  [1m[35m (0.1ms)[0m  [1m[35mDROP TABLE IF EXISTS "users"[0m
  [1m[35m (0.8ms)[0m  [1m[35mCREATE TABLE "users" ("id" integer PRIMARY KEY AUTOINCREMENT NOT NULL, "name" text, "username" text, "email" text, "created_at" datetime(6) NOT NULL, "updated_at" datetime(6) NOT NULL)[0m
  [1m[35m (0.9ms)[0m  [1m[35mCREATE TABLE "schema_migrations" ("version" varchar NOT NULL PRIMARY KEY)[0m
  [1m[35m (0.1ms)[0m  [1m[34mSELECT "schema_migrations"."version" FROM "schema_migrations" ORDER BY "schema_migrations"."version" ASC[0m
  [1m[35m (0.9ms)[0m  [1m[32mINSERT INTO "schema_migrations" (version) VALUES (20191021130708)[0m
  [1m[35m (0.9ms)[0m  [1m[32mINSERT INTO "schema_migrations" (version) VALUES
(20191021120611);

[0m
  [1m[35m (0.8ms)[0m  [1m[35mCREATE TABLE "ar_internal_metadata" ("key" varchar NOT NULL PRIMARY KEY, "value" varchar, "created_at" datetime(6) NOT NULL, "updated_at" datetime(6) NOT NULL)[0m
  [1m[36mActiveRecord::InternalMetadata Load (0.1ms)[0m  [1m[34mSELECT "ar_internal_metadata".* FROM "ar_internal_metadata" WHERE "ar_internal_metadata"."key" = ? LIMIT ?[0m  [["key", "environment"], ["LIMIT", 1]]
  [1m[35m (0.0ms)[0m  [1m[36mbegin transaction[0m
  [1m[36mActiveRecord::InternalMetadata Create (0.2ms)[0m  [1m[32mINSERT INTO "ar_internal_metadata" ("key", "value", "created_at", "updated_at") VALUES (?, ?, ?, ?)[0m  [["key", "environment"], ["value", "development"], ["created_at", "2019-10-21 13:13:42.774993"], ["updated_at", "2019-10-21 13:13:42.774993"]]
  [1m[35m (0.8ms)[0m  [1m[36mcommit transaction[0m
  [1m[36mActiveRecord::InternalMetadata Load (0.1ms)[0m  [1m[34mSELECT "ar_internal_metadata".* FROM "ar_internal_metadata" WHERE "ar_internal_metadata"."key" = ? LIMIT ?[0m  [["key", "environment"], ["LIMIT", 1]]
  [1m[35m (0.0ms)[0m  [1m[36mbegin transaction[0m
  [1m[36mActiveRecord::InternalMetadata Update (0.2ms)[0m  [1m[33mUPDATE "ar_internal_metadata" SET "value" = ?, "updated_at" = ? WHERE "ar_internal_metadata"."key" = ?[0m  [["value", "test"], ["updated_at", "2019-10-21 13:13:42.789569"], ["key", "environment"]]
  [1m[35m (0.6ms)[0m  [1m[36mcommit transaction[0m
  [1m[36mActiveRecord::InternalMetadata Load (0.1ms)[0m  [1m[34mSELECT "ar_internal_metadata".* FROM "ar_internal_metadata" WHERE "ar_internal_metadata"."key" = ? LIMIT ?[0m  [["key", "schema_sha1"], ["LIMIT", 1]]
  [1m[35m (0.0ms)[0m  [1m[36mbegin transaction[0m
  [1m[36mActiveRecord::InternalMetadata Create (0.2ms)[0m  [1m[32mINSERT INTO "ar_internal_metadata" ("key", "value", "created_at", "updated_at") VALUES (?, ?, ?, ?)[0m  [["key", "schema_sha1"], ["value", "f0c9bf0ffb7aba568b9f5ae658286728d5a43721"], ["created_at", "2019-10-21 13:13:42.793645"], ["updated_at", "2019-10-21 13:13:42.793645"]]
  [1m[35m (0.8ms)[0m  [1m[36mcommit transaction[0m
  [1m[35m (0.0ms)[0m  [1m[34mSELECT sqlite_version(*)[0m
  [1m[35m (0.1ms)[0m  [1m[34mSELECT "schema_migrations"."version" FROM "schema_migrations" ORDER BY "schema_migrations"."version" ASC[0m
  [1m[35m (0.0ms)[0m  [1m[34mSELECT sqlite_version(*)[0m
  [1m[35m (0.0ms)[0m  [1m[36mbegin transaction[0m
  [1m[36mUser Create (0.2ms)[0m  [1m[32mINSERT INTO "users" ("name", "username", "email", "created_at", "updated_at") VALUES (?, ?, ?, ?, ?)[0m  [["name", "Chris"], ["username", "cwk"], ["email", "ck@c.com"], ["created_at", "2019-10-21 13:13:42.805883"], ["updated_at", "2019-10-21 13:13:42.805883"]]
  [1m[35m (1.1ms)[0m  [1m[36mcommit transaction[0m
  [1m[35m (0.1ms)[0m  [1m[36mbegin transaction[0m
  [1m[36mUser Create (0.3ms)[0m  [1m[32mINSERT INTO "users" ("name", "username", "email", "created_at", "updated_at") VALUES (?, ?, ?, ?, ?)[0m  [["name", "Haami"], ["username", "h1"], ["email", "h@h.com"], ["created_at", "2019-10-21 13:13:42.809902"], ["updated_at", "2019-10-21 13:13:42.809902"]]
  [1m[35m (1.0ms)[0m  [1m[36mcommit transaction[0m
  [1m[35m (0.0ms)[0m  [1m[36mbegin transaction[0m
  [1m[36mScore Create (0.3ms)[0m  [1m[32mINSERT INTO "scores" ("score", "user_id", "created_at", "updated_at") VALUES (?, ?, ?, ?)[0m  [["score", 99], ["user_id", 3], ["created_at", "2019-10-21 13:13:42.819461"], ["updated_at", "2019-10-21 13:13:42.819461"]]
  [1m[35m (0.6ms)[0m  [1m[36mcommit transaction[0m
  [1m[35m (0.0ms)[0m  [1m[36mbegin transaction[0m
  [1m[36mScore Create (0.3ms)[0m  [1m[32mINSERT INTO "scores" ("score", "user_id", "created_at", "updated_at") VALUES (?, ?, ?, ?)[0m  [["score", 66], ["user_id", 2], ["created_at", "2019-10-21 13:13:42.823071"], ["updated_at", "2019-10-21 13:13:42.823071"]]
  [1m[35m (0.7ms)[0m  [1m[36mcommit transaction[0m
  [1m[35m (0.3ms)[0m  [1m[34mSELECT sqlite_version(*)[0m
  [1m[35m (0.1ms)[0m  [1m[34mSELECT "schema_migrations"."version" FROM "schema_migrations" ORDER BY "schema_migrations"."version" ASC[0m
  [1m[35m (0.1ms)[0m  [1m[34mSELECT "ar_internal_metadata"."value" FROM "ar_internal_metadata" WHERE "ar_internal_metadata"."key" = ?[0m  [["key", "environment"]]
  [1m[35m (0.0ms)[0m  [1m[34mSELECT "schema_migrations"."version" FROM "schema_migrations" ORDER BY "schema_migrations"."version" ASC[0m
  [1m[35m (0.0ms)[0m  [1m[34mSELECT "ar_internal_metadata"."value" FROM "ar_internal_metadata" WHERE "ar_internal_metadata"."key" = ?[0m  [["key", "environment"]]
  [1m[35m (0.0ms)[0m  [1m[34mSELECT "schema_migrations"."version" FROM "schema_migrations" ORDER BY "schema_migrations"."version" ASC[0m
  [1m[35m (0.0ms)[0m  [1m[34mSELECT "ar_internal_metadata"."value" FROM "ar_internal_metadata" WHERE "ar_internal_metadata"."key" = ?[0m  [["key", "environment"]]
  [1m[35m (0.3ms)[0m  [1m[34mSELECT sqlite_version(*)[0m
  [1m[35m (1.6ms)[0m  [1m[35mCREATE TABLE "schema_migrations" ("version" varchar NOT NULL PRIMARY KEY)[0m
  [1m[35m (1.1ms)[0m  [1m[35mCREATE TABLE "ar_internal_metadata" ("key" varchar NOT NULL PRIMARY KEY, "value" varchar, "created_at" datetime(6) NOT NULL, "updated_at" datetime(6) NOT NULL)[0m
  [1m[35m (0.1ms)[0m  [1m[34mSELECT "schema_migrations"."version" FROM "schema_migrations" ORDER BY "schema_migrations"."version" ASC[0m
Migrating to CreateUsers (20191021120611)
  [1m[35m (0.0ms)[0m  [1m[36mbegin transaction[0m
  [1m[35m (0.3ms)[0m  [1m[35mCREATE TABLE "users" ("id" integer PRIMARY KEY AUTOINCREMENT NOT NULL, "name" text, "username" text, "email" text, "created_at" datetime(6) NOT NULL, "updated_at" datetime(6) NOT NULL)[0m
  [1m[36mprimary::SchemaMigration Create (0.1ms)[0m  [1m[32mINSERT INTO "schema_migrations" ("version") VALUES (?)[0m  [["version", "20191021120611"]]
  [1m[35m (0.7ms)[0m  [1m[36mcommit transaction[0m
Migrating to CreateScores (20191021130708)
  [1m[35m (0.0ms)[0m  [1m[36mbegin transaction[0m
  [1m[35m (0.3ms)[0m  [1m[35mCREATE TABLE "scores" ("id" integer PRIMARY KEY AUTOINCREMENT NOT NULL, "score" integer, "user_id" integer, "created_at" datetime(6) NOT NULL, "updated_at" datetime(6) NOT NULL)[0m
  [1m[35m (0.1ms)[0m  [1m[35mCREATE  INDEX "index_scores_on_user_id" ON "scores" ("user_id")[0m
  [1m[36mprimary::SchemaMigration Create (0.1ms)[0m  [1m[32mINSERT INTO "schema_migrations" ("version") VALUES (?)[0m  [["version", "20191021130708"]]
  [1m[35m (0.7ms)[0m  [1m[36mcommit transaction[0m
  [1m[36mActiveRecord::InternalMetadata Load (0.1ms)[0m  [1m[34mSELECT "ar_internal_metadata".* FROM "ar_internal_metadata" WHERE "ar_internal_metadata"."key" = ? LIMIT ?[0m  [["key", "environment"], ["LIMIT", 1]]
  [1m[35m (0.0ms)[0m  [1m[36mbegin transaction[0m
  [1m[36mActiveRecord::InternalMetadata Create (0.2ms)[0m  [1m[32mINSERT INTO "ar_internal_metadata" ("key", "value", "created_at", "updated_at") VALUES (?, ?, ?, ?)[0m  [["key", "environment"], ["value", "development"], ["created_at", "2019-10-21 13:14:07.695349"], ["updated_at", "2019-10-21 13:14:07.695349"]]
  [1m[35m (0.7ms)[0m  [1m[36mcommit transaction[0m
  [1m[35m (0.0ms)[0m  [1m[34mSELECT sqlite_version(*)[0m
  [1m[35m (0.1ms)[0m  [1m[34mSELECT "schema_migrations"."version" FROM "schema_migrations" ORDER BY "schema_migrations"."version" ASC[0m
  [1m[35m (0.3ms)[0m  [1m[34mSELECT sqlite_version(*)[0m
  [1m[35m (0.1ms)[0m  [1m[34mSELECT "schema_migrations"."version" FROM "schema_migrations" ORDER BY "schema_migrations"."version" ASC[0m
  [1m[35m (0.0ms)[0m  [1m[34mSELECT sqlite_version(*)[0m
  [1m[35m (0.0ms)[0m  [1m[36mbegin transaction[0m
  [1m[36mUser Create (0.3ms)[0m  [1m[32mINSERT INTO "users" ("name", "username", "email", "created_at", "updated_at") VALUES (?, ?, ?, ?, ?)[0m  [["name", "Chris"], ["username", "cwk"], ["email", "ck@c.com"], ["created_at", "2019-10-21 13:14:11.693018"], ["updated_at", "2019-10-21 13:14:11.693018"]]
  [1m[35m (0.8ms)[0m  [1m[36mcommit transaction[0m
  [1m[35m (0.0ms)[0m  [1m[36mbegin transaction[0m
  [1m[36mUser Create (0.2ms)[0m  [1m[32mINSERT INTO "users" ("name", "username", "email", "created_at", "updated_at") VALUES (?, ?, ?, ?, ?)[0m  [["name", "Haami"], ["username", "h1"], ["email", "h@h.com"], ["created_at", "2019-10-21 13:14:11.696522"], ["updated_at", "2019-10-21 13:14:11.696522"]]
  [1m[35m (0.7ms)[0m  [1m[36mcommit transaction[0m
  [1m[35m (0.0ms)[0m  [1m[36mbegin transaction[0m
  [1m[36mScore Create (0.2ms)[0m  [1m[32mINSERT INTO "scores" ("score", "user_id", "created_at", "updated_at") VALUES (?, ?, ?, ?)[0m  [["score", 99], ["user_id", 3], ["created_at", "2019-10-21 13:14:11.702636"], ["updated_at", "2019-10-21 13:14:11.702636"]]
  [1m[35m (0.6ms)[0m  [1m[36mcommit transaction[0m
  [1m[35m (0.0ms)[0m  [1m[36mbegin transaction[0m
  [1m[36mScore Create (0.2ms)[0m  [1m[32mINSERT INTO "scores" ("score", "user_id", "created_at", "updated_at") VALUES (?, ?, ?, ?)[0m  [["score", 66], ["user_id", 2], ["created_at", "2019-10-21 13:14:11.705483"], ["updated_at", "2019-10-21 13:14:11.705483"]]
  [1m[35m (0.7ms)[0m  [1m[36mcommit transaction[0m
  [1m[35m (0.4ms)[0m  [1m[34mSELECT sqlite_version(*)[0m
  [1m[36mUser Load (0.1ms)[0m  [1m[34mSELECT "users".* FROM "users" WHERE "users"."id" = ? LIMIT ?[0m  [["id", 2], ["LIMIT", 1]]
  [1m[35m (0.4ms)[0m  [1m[34mSELECT sqlite_version(*)[0m
  [1m[36mUser Load (0.2ms)[0m  [1m[34mSELECT "users".* FROM "users" WHERE "users"."id" = ? LIMIT ?[0m  [["id", 2], ["LIMIT", 1]]
  [1m[36mScore Load (0.1ms)[0m  [1m[34mSELECT "scores".* FROM "scores" WHERE "scores"."user_id" = ? LIMIT ?[0m  [["user_id", 2], ["LIMIT", 11]]
  [1m[36mScore Load (0.1ms)[0m  [1m[34mSELECT "scores".* FROM "scores" WHERE "scores"."user_id" = ? LIMIT ?[0m  [["user_id", 2], ["LIMIT", 11]]
  [1m[36mScore Load (0.2ms)[0m  [1m[34mSELECT "scores".* FROM "scores" WHERE "scores"."user_id" = ?[0m  [["user_id", 2]]
  [1m[35m (0.4ms)[0m  [1m[34mSELECT sqlite_version(*)[0m
  [1m[36mScore Load (0.1ms)[0m  [1m[34mSELECT "scores".* FROM "scores" LIMIT ?[0m  [["LIMIT", 11]]
  [1m[36mScore Load (0.2ms)[0m  [1m[34mSELECT "scores".* FROM "scores" LIMIT ?[0m  [["LIMIT", 11]]
  [1m[35m (0.4ms)[0m  [1m[34mSELECT sqlite_version(*)[0m
  [1m[36mUser Load (0.2ms)[0m  [1m[34mSELECT "users".* FROM "users" WHERE "users"."id" = ? LIMIT ?[0m  [["id", 2], ["LIMIT", 1]]
  [1m[36mScore Load (0.1ms)[0m  [1m[34mSELECT "scores".* FROM "scores" WHERE "scores"."user_id" = ?[0m  [["user_id", 2]]
Started GET "/" for ::1 at 2019-10-21 14:24:24 +0100
  [1m[35m (0.3ms)[0m  [1m[34mSELECT sqlite_version(*)[0m
  [1m[35m (0.1ms)[0m  [1m[34mSELECT "schema_migrations"."version" FROM "schema_migrations" ORDER BY "schema_migrations"."version" ASC[0m
Processing by Rails::WelcomeController#index as HTML
  Rendering /Users/chriskennedy/.rvm/gems/ruby-2.6.1/gems/railties-6.0.0/lib/rails/templates/rails/welcome/index.html.erb
  Rendered /Users/chriskennedy/.rvm/gems/ruby-2.6.1/gems/railties-6.0.0/lib/rails/templates/rails/welcome/index.html.erb (Duration: 6.7ms | Allocations: 482)
Completed 200 OK in 18ms (Views: 11.1ms | ActiveRecord: 0.0ms | Allocations: 2785)


Started GET "/users" for ::1 at 2019-10-21 14:24:28 +0100
Processing by UsersController#index as HTML
  [1m[36mUser Load (0.2ms)[0m  [1m[34mSELECT "users".* FROM "users"[0m
  ↳ app/controllers/users_controller.rb:5:in `index'
Completed 200 OK in 17ms (Views: 11.1ms | ActiveRecord: 0.7ms | Allocations: 6497)


Started GET "/users/21" for ::1 at 2019-10-21 14:26:17 +0100
  [1m[35m (0.1ms)[0m  [1m[34mSELECT sqlite_version(*)[0m
Processing by UsersController#show as HTML
  Parameters: {"id"=>"21"}
  [1m[36mUser Load (0.1ms)[0m  [1m[34mSELECT "users".* FROM "users" WHERE "users"."id" = ? LIMIT ?[0m  [["id", 21], ["LIMIT", 1]]
  ↳ app/controllers/users_controller.rb:9:in `show'
Completed 200 OK in 4ms (Views: 0.1ms | ActiveRecord: 0.3ms | Allocations: 2414)


Started GET "/users/2" for ::1 at 2019-10-21 14:26:20 +0100
Processing by UsersController#show as HTML
  Parameters: {"id"=>"2"}
  [1m[36mUser Load (0.1ms)[0m  [1m[34mSELECT "users".* FROM "users" WHERE "users"."id" = ? LIMIT ?[0m  [["id", 2], ["LIMIT", 1]]
  ↳ app/controllers/users_controller.rb:9:in `show'
Completed 200 OK in 5ms (Views: 0.3ms | ActiveRecord: 0.4ms | Allocations: 4243)


Started GET "/scores" for ::1 at 2019-10-21 14:29:47 +0100
  
AbstractController::ActionNotFound (The action 'index' could not be found for ScoresController):
  
actionpack (6.0.0) lib/abstract_controller/base.rb:131:in `process'
actionview (6.0.0) lib/action_view/rendering.rb:39:in `process'
actionpack (6.0.0) lib/action_controller/metal.rb:191:in `dispatch'
actionpack (6.0.0) lib/action_controller/metal.rb:252:in `dispatch'
actionpack (6.0.0) lib/action_dispatch/routing/route_set.rb:51:in `dispatch'
actionpack (6.0.0) lib/action_dispatch/routing/route_set.rb:33:in `serve'
actionpack (6.0.0) lib/action_dispatch/journey/router.rb:49:in `block in serve'
actionpack (6.0.0) lib/action_dispatch/journey/router.rb:32:in `each'
actionpack (6.0.0) lib/action_dispatch/journey/router.rb:32:in `serve'
actionpack (6.0.0) lib/action_dispatch/routing/route_set.rb:837:in `call'
rack (2.0.7) lib/rack/tempfile_reaper.rb:15:in `call'
rack (2.0.7) lib/rack/etag.rb:25:in `call'
rack (2.0.7) lib/rack/conditional_get.rb:25:in `call'
rack (2.0.7) lib/rack/head.rb:12:in `call'
actionpack (6.0.0) lib/action_dispatch/http/content_security_policy.rb:18:in `call'
rack (2.0.7) lib/rack/session/abstract/id.rb:232:in `context'
rack (2.0.7) lib/rack/session/abstract/id.rb:226:in `call'
actionpack (6.0.0) lib/action_dispatch/middleware/cookies.rb:648:in `call'
activerecord (6.0.0) lib/active_record/migration.rb:567:in `call'
actionpack (6.0.0) lib/action_dispatch/middleware/callbacks.rb:27:in `block in call'
activesupport (6.0.0) lib/active_support/callbacks.rb:101:in `run_callbacks'
actionpack (6.0.0) lib/action_dispatch/middleware/callbacks.rb:26:in `call'
actionpack (6.0.0) lib/action_dispatch/middleware/executor.rb:14:in `call'
actionpack (6.0.0) lib/action_dispatch/middleware/actionable_exceptions.rb:17:in `call'
actionpack (6.0.0) lib/action_dispatch/middleware/debug_exceptions.rb:32:in `call'
web-console (4.0.1) lib/web_console/middleware.rb:132:in `call_app'
web-console (4.0.1) lib/web_console/middleware.rb:28:in `block in call'
web-console (4.0.1) lib/web_console/middleware.rb:17:in `catch'
web-console (4.0.1) lib/web_console/middleware.rb:17:in `call'
actionpack (6.0.0) lib/action_dispatch/middleware/show_exceptions.rb:33:in `call'
railties (6.0.0) lib/rails/rack/logger.rb:38:in `call_app'
railties (6.0.0) lib/rails/rack/logger.rb:26:in `block in call'
activesupport (6.0.0) lib/active_support/tagged_logging.rb:80:in `block in tagged'
activesupport (6.0.0) lib/active_support/tagged_logging.rb:28:in `tagged'
activesupport (6.0.0) lib/active_support/tagged_logging.rb:80:in `tagged'
railties (6.0.0) lib/rails/rack/logger.rb:26:in `call'
sprockets-rails (3.2.1) lib/sprockets/rails/quiet_assets.rb:13:in `call'
actionpack (6.0.0) lib/action_dispatch/middleware/remote_ip.rb:81:in `call'
actionpack (6.0.0) lib/action_dispatch/middleware/request_id.rb:27:in `call'
rack (2.0.7) lib/rack/method_override.rb:22:in `call'
rack (2.0.7) lib/rack/runtime.rb:22:in `call'
activesupport (6.0.0) lib/active_support/cache/strategy/local_cache_middleware.rb:29:in `call'
actionpack (6.0.0) lib/action_dispatch/middleware/executor.rb:14:in `call'
actionpack (6.0.0) lib/action_dispatch/middleware/static.rb:126:in `call'
rack (2.0.7) lib/rack/sendfile.rb:111:in `call'
actionpack (6.0.0) lib/action_dispatch/middleware/host_authorization.rb:83:in `call'
webpacker (4.0.7) lib/webpacker/dev_server_proxy.rb:29:in `perform_request'
rack-proxy (0.6.5) lib/rack/proxy.rb:57:in `call'
railties (6.0.0) lib/rails/engine.rb:526:in `call'
puma (3.12.1) lib/puma/configuration.rb:227:in `call'
puma (3.12.1) lib/puma/server.rb:660:in `handle_request'
puma (3.12.1) lib/puma/server.rb:474:in `process_client'
puma (3.12.1) lib/puma/server.rb:334:in `block in run'
puma (3.12.1) lib/puma/thread_pool.rb:135:in `block in spawn_thread'
Started GET "/scores" for ::1 at 2019-10-21 14:30:40 +0100
  [1m[35m (0.1ms)[0m  [1m[34mSELECT sqlite_version(*)[0m
Processing by ScoresController#index as HTML
  [1m[36mScore Load (0.1ms)[0m  [1m[34mSELECT "scores".* FROM "scores"[0m
  ↳ app/controllers/scores_controller.rb:4:in `index'
Completed 200 OK in 14ms (Views: 4.5ms | ActiveRecord: 7.4ms | Allocations: 5387)


Started GET "/scores" for ::1 at 2019-10-21 14:32:10 +0100
  [1m[35m (0.1ms)[0m  [1m[34mSELECT sqlite_version(*)[0m
Processing by ScoresController#index as HTML
  [1m[36mScore Load (0.1ms)[0m  [1m[34mSELECT "scores".* FROM "scores"[0m
  ↳ app/controllers/scores_controller.rb:4:in `index'
Completed 200 OK in 6ms (Views: 4.0ms | ActiveRecord: 0.5ms | Allocations: 4896)


Started GET "/scores/1" for ::1 at 2019-10-21 14:32:30 +0100
  [1m[35m (0.1ms)[0m  [1m[34mSELECT sqlite_version(*)[0m
Processing by ScoresController#show as HTML
  Parameters: {"id"=>"1"}
  [1m[36mScore Load (0.1ms)[0m  [1m[34mSELECT "scores".* FROM "scores" WHERE "scores"."id" = ? LIMIT ?[0m  [["id", 1], ["LIMIT", 1]]
  ↳ app/controllers/scores_controller.rb:8:in `show'
  [1m[36mUser Load (0.1ms)[0m  [1m[34mSELECT "users".* FROM "users" WHERE "users"."id" = ? LIMIT ?[0m  [["id", 3], ["LIMIT", 1]]
  ↳ app/controllers/scores_controller.rb:9:in `show'
Completed 500 Internal Server Error in 11ms (ActiveRecord: 1.0ms | Allocations: 8670)


  
NoMethodError (undefined method `id' for nil:NilClass):
  
app/controllers/scores_controller.rb:9:in `show'
Started GET "/scores/1" for ::1 at 2019-10-21 14:32:40 +0100
  [1m[35m (0.1ms)[0m  [1m[34mSELECT sqlite_version(*)[0m
Processing by ScoresController#show as HTML
  Parameters: {"id"=>"1"}
  [1m[36mScore Load (0.1ms)[0m  [1m[34mSELECT "scores".* FROM "scores" WHERE "scores"."id" = ? LIMIT ?[0m  [["id", 1], ["LIMIT", 1]]
  ↳ app/controllers/scores_controller.rb:8:in `show'
Completed 200 OK in 6ms (Views: 0.1ms | ActiveRecord: 0.5ms | Allocations: 4636)


Started GET "/scores/1" for ::1 at 2019-10-21 14:32:50 +0100
  [1m[35m (0.1ms)[0m  [1m[34mSELECT sqlite_version(*)[0m
Processing by ScoresController#show as HTML
  Parameters: {"id"=>"1"}
  [1m[36mScore Load (0.1ms)[0m  [1m[34mSELECT "scores".* FROM "scores" WHERE "scores"."id" = ? LIMIT ?[0m  [["id", 1], ["LIMIT", 1]]
  ↳ app/controllers/scores_controller.rb:8:in `show'
Completed 500 Internal Server Error in 12ms (ActiveRecord: 0.8ms | Allocations: 5570)


  
NoMethodError (undefined method `name' for 3:Integer):
  
app/controllers/scores_controller.rb:9:in `show'
Started GET "/scores/1" for ::1 at 2019-10-21 14:32:56 +0100
  [1m[35m (0.1ms)[0m  [1m[34mSELECT sqlite_version(*)[0m
Processing by ScoresController#show as HTML
  Parameters: {"id"=>"1"}
  [1m[36mScore Load (0.1ms)[0m  [1m[34mSELECT "scores".* FROM "scores" WHERE "scores"."id" = ? LIMIT ?[0m  [["id", 1], ["LIMIT", 1]]
  ↳ app/controllers/scores_controller.rb:8:in `show'
  [1m[36mUser Load (0.1ms)[0m  [1m[34mSELECT "users".* FROM "users" WHERE "users"."id" = ? LIMIT ?[0m  [["id", 3], ["LIMIT", 1]]
  ↳ app/controllers/scores_controller.rb:9:in `show'
Completed 500 Internal Server Error in 20ms (ActiveRecord: 1.0ms | Allocations: 7522)


  
NoMethodError (undefined method `name' for nil:NilClass):
  
app/controllers/scores_controller.rb:9:in `show'
Started GET "/scores/1" for ::1 at 2019-10-21 14:33:13 +0100
  [1m[35m (0.1ms)[0m  [1m[34mSELECT sqlite_version(*)[0m
Processing by ScoresController#show as HTML
  Parameters: {"id"=>"1"}
  [1m[36mScore Load (0.1ms)[0m  [1m[34mSELECT "scores".* FROM "scores" WHERE "scores"."id" = ? LIMIT ?[0m  [["id", 1], ["LIMIT", 1]]
  ↳ app/controllers/scores_controller.rb:8:in `show'
Completed 200 OK in 6ms (Views: 0.1ms | ActiveRecord: 0.6ms | Allocations: 4624)


Started GET "/scores" for ::1 at 2019-10-21 14:33:17 +0100
Processing by ScoresController#index as HTML
  [1m[36mScore Load (0.1ms)[0m  [1m[34mSELECT "scores".* FROM "scores"[0m
  ↳ app/controllers/scores_controller.rb:4:in `index'
Completed 200 OK in 2ms (Views: 1.1ms | ActiveRecord: 0.1ms | Allocations: 1153)


Started GET "/scores" for ::1 at 2019-10-21 14:33:53 +0100
  [1m[35m (0.1ms)[0m  [1m[34mSELECT sqlite_version(*)[0m
Processing by ScoresController#index as HTML
  [1m[36mScore Load (0.1ms)[0m  [1m[34mSELECT "scores".* FROM "scores"[0m
  ↳ app/controllers/scores_controller.rb:4:in `index'
Completed 200 OK in 6ms (Views: 3.9ms | ActiveRecord: 0.6ms | Allocations: 4835)


  [1m[35m (0.4ms)[0m  [1m[34mSELECT sqlite_version(*)[0m
  [1m[36mScore Load (0.1ms)[0m  [1m[34mSELECT "scores".* FROM "scores" WHERE "scores"."id" = ? LIMIT ?[0m  [["id", 3], ["LIMIT", 1]]
  [1m[36mScore Load (0.2ms)[0m  [1m[34mSELECT "scores".* FROM "scores" WHERE "scores"."id" = ? LIMIT ?[0m  [["id", 2], ["LIMIT", 1]]
  [1m[36mUser Load (0.1ms)[0m  [1m[34mSELECT "users".* FROM "users" WHERE "users"."id" = ? LIMIT ?[0m  [["id", 2], ["LIMIT", 1]]
Started GET "/scores/1" for ::1 at 2019-10-21 14:35:11 +0100
  [1m[35m (0.1ms)[0m  [1m[34mSELECT sqlite_version(*)[0m
Processing by ScoresController#show as HTML
  Parameters: {"id"=>"1"}
  [1m[36mScore Load (0.1ms)[0m  [1m[34mSELECT "scores".* FROM "scores" WHERE "scores"."id" = ? LIMIT ?[0m  [["id", 1], ["LIMIT", 1]]
  ↳ app/controllers/scores_controller.rb:8:in `show'
  [1m[36mUser Load (0.1ms)[0m  [1m[34mSELECT "users".* FROM "users" WHERE "users"."id" = ? LIMIT ?[0m  [["id", 3], ["LIMIT", 1]]
  ↳ app/controllers/scores_controller.rb:9:in `show'
Completed 500 Internal Server Error in 21ms (ActiveRecord: 1.0ms | Allocations: 7485)


  
NoMethodError (undefined method `name' for nil:NilClass):
  
app/controllers/scores_controller.rb:9:in `show'
Started GET "/scores/1" for ::1 at 2019-10-21 14:35:20 +0100
  [1m[35m (0.1ms)[0m  [1m[34mSELECT sqlite_version(*)[0m
Processing by ScoresController#show as HTML
  Parameters: {"id"=>"1"}
  [1m[36mScore Load (0.1ms)[0m  [1m[34mSELECT "scores".* FROM "scores" WHERE "scores"."id" = ? LIMIT ?[0m  [["id", 1], ["LIMIT", 1]]
  ↳ app/controllers/scores_controller.rb:8:in `show'
  [1m[36mUser Load (0.1ms)[0m  [1m[34mSELECT "users".* FROM "users" WHERE "users"."id" = ? LIMIT ?[0m  [["id", 3], ["LIMIT", 1]]
  ↳ app/controllers/scores_controller.rb:9:in `show'
Completed 200 OK in 9ms (Views: 0.1ms | ActiveRecord: 1.0ms | Allocations: 6901)


Started GET "/scores/2" for ::1 at 2019-10-21 14:35:24 +0100
Processing by ScoresController#show as HTML
  Parameters: {"id"=>"2"}
  [1m[36mScore Load (0.1ms)[0m  [1m[34mSELECT "scores".* FROM "scores" WHERE "scores"."id" = ? LIMIT ?[0m  [["id", 2], ["LIMIT", 1]]
  ↳ app/controllers/scores_controller.rb:8:in `show'
  [1m[36mUser Load (0.1ms)[0m  [1m[34mSELECT "users".* FROM "users" WHERE "users"."id" = ? LIMIT ?[0m  [["id", 2], ["LIMIT", 1]]
  ↳ app/controllers/scores_controller.rb:9:in `show'
Completed 200 OK in 6ms (Views: 0.3ms | ActiveRecord: 0.2ms | Allocations: 4709)


Started GET "/scores/2" for ::1 at 2019-10-21 14:35:54 +0100
  [1m[35m (0.1ms)[0m  [1m[34mSELECT sqlite_version(*)[0m
Processing by ScoresController#show as HTML
  Parameters: {"id"=>"2"}
  [1m[36mScore Load (0.1ms)[0m  [1m[34mSELECT "scores".* FROM "scores" WHERE "scores"."id" = ? LIMIT ?[0m  [["id", 2], ["LIMIT", 1]]
  ↳ app/controllers/scores_controller.rb:8:in `show'
Completed 200 OK in 5ms (Views: 0.1ms | ActiveRecord: 0.5ms | Allocations: 4574)


Started GET "/scores/2" for ::1 at 2019-10-21 14:35:59 +0100
  [1m[35m (0.1ms)[0m  [1m[34mSELECT sqlite_version(*)[0m
Processing by ScoresController#show as HTML
  Parameters: {"id"=>"2"}
  [1m[36mScore Load (0.1ms)[0m  [1m[34mSELECT "scores".* FROM "scores" WHERE "scores"."id" = ? LIMIT ?[0m  [["id", 2], ["LIMIT", 1]]
  ↳ app/controllers/scores_controller.rb:8:in `show'
  [1m[36mUser Load (0.1ms)[0m  [1m[34mSELECT "users".* FROM "users" WHERE "users"."id" = ? LIMIT ?[0m  [["id", 2], ["LIMIT", 1]]
  ↳ app/controllers/scores_controller.rb:9:in `show'
Completed 200 OK in 12ms (Views: 0.3ms | ActiveRecord: 1.0ms | Allocations: 10282)


Started GET "/scores/2" for ::1 at 2019-10-21 14:36:08 +0100
  [1m[35m (0.1ms)[0m  [1m[34mSELECT sqlite_version(*)[0m
Processing by ScoresController#show as HTML
  Parameters: {"id"=>"2"}
  [1m[36mScore Load (0.1ms)[0m  [1m[34mSELECT "scores".* FROM "scores" WHERE "scores"."id" = ? LIMIT ?[0m  [["id", 2], ["LIMIT", 1]]
  ↳ app/controllers/scores_controller.rb:8:in `show'
  [1m[36mUser Load (0.1ms)[0m  [1m[34mSELECT "users".* FROM "users" WHERE "users"."id" = ? LIMIT ?[0m  [["id", 2], ["LIMIT", 1]]
  ↳ app/controllers/scores_controller.rb:9:in `show'
Completed 200 OK in 12ms (Views: 0.3ms | ActiveRecord: 1.0ms | Allocations: 10237)


Started GET "/scores/2" for ::1 at 2019-10-21 14:36:19 +0100
  [1m[35m (0.1ms)[0m  [1m[34mSELECT sqlite_version(*)[0m
Processing by ScoresController#show as HTML
  Parameters: {"id"=>"2"}
  [1m[36mScore Load (0.1ms)[0m  [1m[34mSELECT "scores".* FROM "scores" WHERE "scores"."id" = ? LIMIT ?[0m  [["id", 2], ["LIMIT", 1]]
  ↳ app/controllers/scores_controller.rb:8:in `show'
  [1m[36mUser Load (0.1ms)[0m  [1m[34mSELECT "users".* FROM "users" WHERE "users"."id" = ? LIMIT ?[0m  [["id", 2], ["LIMIT", 1]]
  ↳ app/controllers/scores_controller.rb:9:in `show'
Completed 200 OK in 11ms (Views: 0.1ms | ActiveRecord: 0.9ms | Allocations: 10101)


Started GET "/scores/2" for ::1 at 2019-10-21 14:36:39 +0100
  [1m[35m (0.1ms)[0m  [1m[34mSELECT sqlite_version(*)[0m
Processing by ScoresController#show as HTML
  Parameters: {"id"=>"2"}
  [1m[36mScore Load (0.1ms)[0m  [1m[34mSELECT "scores".* FROM "scores" WHERE "scores"."id" = ? LIMIT ?[0m  [["id", 2], ["LIMIT", 1]]
  ↳ app/controllers/scores_controller.rb:8:in `show'
  [1m[36mUser Load (0.1ms)[0m  [1m[34mSELECT "users".* FROM "users" WHERE "users"."id" = ? LIMIT ?[0m  [["id", 2], ["LIMIT", 1]]
  ↳ app/controllers/scores_controller.rb:9:in `show'
Completed 200 OK in 12ms (Views: 0.3ms | ActiveRecord: 1.0ms | Allocations: 10198)


Started GET "/scores/2" for ::1 at 2019-10-21 14:37:10 +0100
  [1m[35m (0.1ms)[0m  [1m[34mSELECT sqlite_version(*)[0m
Processing by ScoresController#show as HTML
  Parameters: {"id"=>"2"}
  [1m[36mScore Load (0.1ms)[0m  [1m[34mSELECT "scores".* FROM "scores" WHERE "scores"."id" = ? LIMIT ?[0m  [["id", 2], ["LIMIT", 1]]
  ↳ app/controllers/scores_controller.rb:8:in `show'
  [1m[36mUser Load (0.1ms)[0m  [1m[34mSELECT "users".* FROM "users" WHERE "users"."id" = ? LIMIT ?[0m  [["id", 2], ["LIMIT", 1]]
  ↳ app/controllers/scores_controller.rb:9:in `show'
Completed 200 OK in 12ms (Views: 0.3ms | ActiveRecord: 0.9ms | Allocations: 10239)


Started GET "/scores/2" for ::1 at 2019-10-21 14:37:32 +0100
  [1m[35m (0.1ms)[0m  [1m[34mSELECT sqlite_version(*)[0m
Processing by ScoresController#show as HTML
  Parameters: {"id"=>"2"}
  [1m[36mScore Load (0.1ms)[0m  [1m[34mSELECT "scores".* FROM "scores" WHERE "scores"."id" = ? LIMIT ?[0m  [["id", 2], ["LIMIT", 1]]
  ↳ app/controllers/scores_controller.rb:8:in `show'
  [1m[36mUser Load (0.1ms)[0m  [1m[34mSELECT "users".* FROM "users" WHERE "users"."id" = ? LIMIT ?[0m  [["id", 2], ["LIMIT", 1]]
  ↳ app/controllers/scores_controller.rb:9:in `show'
Completed 200 OK in 11ms (Views: 0.3ms | ActiveRecord: 0.9ms | Allocations: 10266)


Started GET "/scores/2" for ::1 at 2019-10-21 14:37:45 +0100
  [1m[35m (0.1ms)[0m  [1m[34mSELECT sqlite_version(*)[0m
Processing by ScoresController#show as HTML
  Parameters: {"id"=>"2"}
  [1m[36mScore Load (0.1ms)[0m  [1m[34mSELECT "scores".* FROM "scores" WHERE "scores"."id" = ? LIMIT ?[0m  [["id", 2], ["LIMIT", 1]]
  ↳ app/controllers/scores_controller.rb:8:in `show'
  [1m[36mUser Load (0.1ms)[0m  [1m[34mSELECT "users".* FROM "users" WHERE "users"."id" = ? LIMIT ?[0m  [["id", 2], ["LIMIT", 1]]
  ↳ app/controllers/scores_controller.rb:9:in `show'
Completed 200 OK in 11ms (Views: 0.3ms | ActiveRecord: 0.9ms | Allocations: 10168)


Started GET "/users" for ::1 at 2019-10-21 14:38:04 +0100
  [1m[35m (0.1ms)[0m  [1m[34mSELECT sqlite_version(*)[0m
Processing by UsersController#index as HTML
  [1m[36mUser Load (0.1ms)[0m  [1m[34mSELECT "users".* FROM "users"[0m
  ↳ app/controllers/users_controller.rb:5:in `index'
Completed 200 OK in 7ms (Views: 4.9ms | ActiveRecord: 0.6ms | Allocations: 5813)


Started GET "/users/1" for ::1 at 2019-10-21 14:38:08 +0100
Processing by UsersController#show as HTML
  Parameters: {"id"=>"1"}
  [1m[36mUser Load (0.2ms)[0m  [1m[34mSELECT "users".* FROM "users" WHERE "users"."id" = ? LIMIT ?[0m  [["id", 1], ["LIMIT", 1]]
  ↳ app/controllers/users_controller.rb:9:in `show'
Completed 200 OK in 2ms (Views: 0.2ms | ActiveRecord: 0.2ms | Allocations: 930)


Started GET "/users/4" for ::1 at 2019-10-21 14:39:20 +0100
  [1m[35m (0.1ms)[0m  [1m[34mSELECT sqlite_version(*)[0m
Processing by UsersController#show as HTML
  Parameters: {"id"=>"4"}
  [1m[36mUser Load (0.1ms)[0m  [1m[34mSELECT "users".* FROM "users" WHERE "users"."id" = ? LIMIT ?[0m  [["id", 4], ["LIMIT", 1]]
  ↳ app/controllers/users_controller.rb:9:in `show'
Completed 200 OK in 3ms (Views: 0.1ms | ActiveRecord: 0.3ms | Allocations: 2101)


Started GET "/users/4" for ::1 at 2019-10-21 14:39:28 +0100
  [1m[35m (0.0ms)[0m  [1m[34mSELECT sqlite_version(*)[0m
Processing by UsersController#show as HTML
  Parameters: {"id"=>"4"}
  [1m[36mUser Load (0.1ms)[0m  [1m[34mSELECT "users".* FROM "users" WHERE "users"."id" = ? LIMIT ?[0m  [["id", 4], ["LIMIT", 1]]
  ↳ app/controllers/users_controller.rb:9:in `show'
Completed 200 OK in 3ms (Views: 0.1ms | ActiveRecord: 0.3ms | Allocations: 2101)


Started GET "/users/2" for ::1 at 2019-10-21 14:40:08 +0100
Processing by UsersController#show as HTML
  Parameters: {"id"=>"2"}
  [1m[36mUser Load (0.1ms)[0m  [1m[34mSELECT "users".* FROM "users" WHERE "users"."id" = ? LIMIT ?[0m  [["id", 2], ["LIMIT", 1]]
  ↳ app/controllers/users_controller.rb:9:in `show'
Completed 200 OK in 5ms (Views: 0.2ms | ActiveRecord: 0.4ms | Allocations: 4177)


Started GET "/users/2" for ::1 at 2019-10-21 14:41:55 +0100
  [1m[35m (0.1ms)[0m  [1m[34mSELECT sqlite_version(*)[0m
Processing by UsersController#show as HTML
  Parameters: {"id"=>"2"}
  [1m[36mUser Load (0.1ms)[0m  [1m[34mSELECT "users".* FROM "users" WHERE "users"."id" = ? LIMIT ?[0m  [["id", 2], ["LIMIT", 1]]
  ↳ app/controllers/users_controller.rb:9:in `show'
Completed 200 OK in 7ms (Views: 0.3ms | ActiveRecord: 0.5ms | Allocations: 5562)


Started GET "/scores" for ::1 at 2019-10-21 14:42:00 +0100
  
SyntaxError (/Users/chriskennedy/labs/JS MOD3 Project/app/controllers/scores_controller.rb:14: syntax error, unexpected end-of-input, expecting end):
  
app/controllers/scores_controller.rb:14: syntax error, unexpected end-of-input, expecting end
app/controllers/scores_controller.rb:14: syntax error, unexpected end-of-input, expecting end
app/controllers/scores_controller.rb:14: syntax error, unexpected end-of-input, expecting end
Started GET "/scores" for ::1 at 2019-10-21 14:42:07 +0100
  [1m[35m (0.1ms)[0m  [1m[34mSELECT sqlite_version(*)[0m
Processing by ScoresController#index as HTML
  [1m[36mScore Load (0.1ms)[0m  [1m[34mSELECT "scores".* FROM "scores"[0m
  ↳ app/controllers/scores_controller.rb:4:in `index'
Completed 200 OK in 6ms (Views: 4.2ms | ActiveRecord: 0.5ms | Allocations: 4862)


  [1m[35m (0.3ms)[0m  [1m[34mSELECT sqlite_version(*)[0m
  [1m[35m (0.1ms)[0m  [1m[34mSELECT "schema_migrations"."version" FROM "schema_migrations" ORDER BY "schema_migrations"."version" ASC[0m
  [1m[35m (0.0ms)[0m  [1m[34mSELECT sqlite_version(*)[0m
  [1m[35m (0.0ms)[0m  [1m[36mbegin transaction[0m
  [1m[36mUser Create (0.3ms)[0m  [1m[32mINSERT INTO "users" ("name", "username", "email", "created_at", "updated_at") VALUES (?, ?, ?, ?, ?)[0m  [["name", "Chris"], ["username", "cwk"], ["email", "ck@c.com"], ["created_at", "2019-10-21 13:42:53.004601"], ["updated_at", "2019-10-21 13:42:53.004601"]]
  [1m[35m (0.8ms)[0m  [1m[36mcommit transaction[0m
  [1m[35m (0.0ms)[0m  [1m[36mbegin transaction[0m
  [1m[36mUser Create (0.2ms)[0m  [1m[32mINSERT INTO "users" ("name", "username", "email", "created_at", "updated_at") VALUES (?, ?, ?, ?, ?)[0m  [["name", "Haami"], ["username", "h1"], ["email", "h@h.com"], ["created_at", "2019-10-21 13:42:53.008405"], ["updated_at", "2019-10-21 13:42:53.008405"]]
  [1m[35m (0.7ms)[0m  [1m[36mcommit transaction[0m
  [1m[35m (0.0ms)[0m  [1m[36mbegin transaction[0m
  [1m[36mUser Load (0.1ms)[0m  [1m[34mSELECT "users".* FROM "users" WHERE "users"."id" = ? LIMIT ?[0m  [["id", 1], ["LIMIT", 1]]
  [1m[36mScore Create (0.2ms)[0m  [1m[32mINSERT INTO "scores" ("score", "user_id", "created_at", "updated_at") VALUES (?, ?, ?, ?)[0m  [["score", 99], ["user_id", 1], ["created_at", "2019-10-21 13:42:53.019719"], ["updated_at", "2019-10-21 13:42:53.019719"]]
  [1m[35m (0.9ms)[0m  [1m[36mcommit transaction[0m
  [1m[35m (0.0ms)[0m  [1m[36mbegin transaction[0m
  [1m[36mUser Load (0.1ms)[0m  [1m[34mSELECT "users".* FROM "users" WHERE "users"."id" = ? LIMIT ?[0m  [["id", 2], ["LIMIT", 1]]
  [1m[36mScore Create (0.2ms)[0m  [1m[32mINSERT INTO "scores" ("score", "user_id", "created_at", "updated_at") VALUES (?, ?, ?, ?)[0m  [["score", 66], ["user_id", 2], ["created_at", "2019-10-21 13:42:53.024041"], ["updated_at", "2019-10-21 13:42:53.024041"]]
  [1m[35m (0.7ms)[0m  [1m[36mcommit transaction[0m
  [1m[35m (0.0ms)[0m  [1m[36mbegin transaction[0m
  [1m[36mUser Load (0.1ms)[0m  [1m[34mSELECT "users".* FROM "users" WHERE "users"."id" = ? LIMIT ?[0m  [["id", 2], ["LIMIT", 1]]
  [1m[36mScore Create (0.2ms)[0m  [1m[32mINSERT INTO "scores" ("score", "user_id", "created_at", "updated_at") VALUES (?, ?, ?, ?)[0m  [["score", 1], ["user_id", 2], ["created_at", "2019-10-21 13:42:53.028164"], ["updated_at", "2019-10-21 13:42:53.028164"]]
  [1m[35m (0.7ms)[0m  [1m[36mcommit transaction[0m
  [1m[36mUser Load (0.1ms)[0m  [1m[34mSELECT "users".* FROM "users" WHERE "users"."id" = ? LIMIT ?[0m  [["id", 1], ["LIMIT", 1]]
  [1m[36mScore Load (0.2ms)[0m  [1m[34mSELECT "scores".* FROM "scores" WHERE "scores"."user_id" = ? LIMIT ?[0m  [["user_id", 1], ["LIMIT", 11]]
  [1m[36mUser Load (0.1ms)[0m  [1m[34mSELECT "users".* FROM "users" WHERE "users"."id" = ? LIMIT ?[0m  [["id", 2], ["LIMIT", 1]]
  [1m[36mScore Load (0.2ms)[0m  [1m[34mSELECT "scores".* FROM "scores" WHERE "scores"."user_id" = ? LIMIT ?[0m  [["user_id", 2], ["LIMIT", 11]]
  [1m[36mScore Load (0.1ms)[0m  [1m[34mSELECT "scores".* FROM "scores" WHERE "scores"."user_id" = ? LIMIT ?[0m  [["user_id", 2], ["LIMIT", 11]]
  [1m[36mScore Load (0.1ms)[0m  [1m[34mSELECT "scores".* FROM "scores" WHERE "scores"."user_id" = ? LIMIT ?[0m  [["user_id", 2], ["LIMIT", 11]]
  [1m[36mScore Load (0.2ms)[0m  [1m[34mSELECT "scores".* FROM "scores" WHERE "scores"."user_id" = ? LIMIT ?[0m  [["user_id", 2], ["LIMIT", 11]]
  [1m[36mScore Load (0.1ms)[0m  [1m[34mSELECT "scores".* FROM "scores" WHERE "scores"."user_id" = ? LIMIT ?[0m  [["user_id", 2], ["LIMIT", 11]]
  [1m[35m (0.4ms)[0m  [1m[34mSELECT sqlite_version(*)[0m
  [1m[35m (0.1ms)[0m  [1m[34mSELECT "schema_migrations"."version" FROM "schema_migrations" ORDER BY "schema_migrations"."version" ASC[0m
  [1m[35m (0.1ms)[0m  [1m[34mSELECT sqlite_version(*)[0m
  [1m[35m (0.0ms)[0m  [1m[36mbegin transaction[0m
  [1m[36mUser Create (0.4ms)[0m  [1m[32mINSERT INTO "users" ("name", "username", "email", "created_at", "updated_at") VALUES (?, ?, ?, ?, ?)[0m  [["name", "Chris"], ["username", "cwk"], ["email", "ck@c.com"], ["created_at", "2019-10-21 16:29:29.140767"], ["updated_at", "2019-10-21 16:29:29.140767"]]
  [1m[35m (0.9ms)[0m  [1m[36mcommit transaction[0m
  [1m[35m (0.0ms)[0m  [1m[36mbegin transaction[0m
  [1m[36mUser Create (0.2ms)[0m  [1m[32mINSERT INTO "users" ("name", "username", "email", "created_at", "updated_at") VALUES (?, ?, ?, ?, ?)[0m  [["name", "Haami"], ["username", "h1"], ["email", "h@h.com"], ["created_at", "2019-10-21 16:29:29.144650"], ["updated_at", "2019-10-21 16:29:29.144650"]]
  [1m[35m (0.6ms)[0m  [1m[36mcommit transaction[0m
  [1m[35m (0.0ms)[0m  [1m[36mbegin transaction[0m
  [1m[36mUser Create (0.2ms)[0m  [1m[32mINSERT INTO "users" ("name", "username", "email", "created_at", "updated_at") VALUES (?, ?, ?, ?, ?)[0m  [["name", "Regina"], ["username", "rrg1414"], ["email", "r@r.com"], ["created_at", "2019-10-21 16:29:29.147464"], ["updated_at", "2019-10-21 16:29:29.147464"]]
  [1m[35m (0.5ms)[0m  [1m[36mcommit transaction[0m
  [1m[35m (0.0ms)[0m  [1m[36mbegin transaction[0m
  [1m[36mUser Load (0.1ms)[0m  [1m[34mSELECT "users".* FROM "users" WHERE "users"."id" = ? LIMIT ?[0m  [["id", 1], ["LIMIT", 1]]
  [1m[36mScore Create (0.3ms)[0m  [1m[32mINSERT INTO "scores" ("score", "user_id", "created_at", "updated_at") VALUES (?, ?, ?, ?)[0m  [["score", 99], ["user_id", 1], ["created_at", "2019-10-21 16:29:29.159236"], ["updated_at", "2019-10-21 16:29:29.159236"]]
  [1m[35m (0.7ms)[0m  [1m[36mcommit transaction[0m
  [1m[35m (0.0ms)[0m  [1m[36mbegin transaction[0m
  [1m[36mUser Load (0.1ms)[0m  [1m[34mSELECT "users".* FROM "users" WHERE "users"."id" = ? LIMIT ?[0m  [["id", 2], ["LIMIT", 1]]
  [1m[36mScore Create (0.3ms)[0m  [1m[32mINSERT INTO "scores" ("score", "user_id", "created_at", "updated_at") VALUES (?, ?, ?, ?)[0m  [["score", 66], ["user_id", 2], ["created_at", "2019-10-21 16:29:29.163717"], ["updated_at", "2019-10-21 16:29:29.163717"]]
  [1m[35m (0.5ms)[0m  [1m[36mcommit transaction[0m
  [1m[35m (0.0ms)[0m  [1m[36mbegin transaction[0m
  [1m[36mUser Load (0.1ms)[0m  [1m[34mSELECT "users".* FROM "users" WHERE "users"."id" = ? LIMIT ?[0m  [["id", 2], ["LIMIT", 1]]
  [1m[36mScore Create (0.3ms)[0m  [1m[32mINSERT INTO "scores" ("score", "user_id", "created_at", "updated_at") VALUES (?, ?, ?, ?)[0m  [["score", 1], ["user_id", 2], ["created_at", "2019-10-21 16:29:29.168109"], ["updated_at", "2019-10-21 16:29:29.168109"]]
  [1m[35m (0.7ms)[0m  [1m[36mcommit transaction[0m
